#
# There is insufficient memory for the Java Runtime Environment to continue.
# Native memory allocation (malloc) failed to allocate 636416 bytes for Chunk::new
# Possible reasons:
#   The system is out of physical RAM or swap space
#   In 32 bit mode, the process size limit was hit
# Possible solutions:
#   Reduce memory load on the system
#   Increase physical memory or swap space
#   Check if swap backing store is full
#   Use 64 bit Java on a 64 bit OS
#   Decrease Java heap size (-Xmx/-Xms)
#   Decrease number of Java threads
#   Decrease Java thread stack sizes (-Xss)
#   Set larger code cache with -XX:ReservedCodeCacheSize=
# This output file may be truncated or incomplete.
#
#  Out of Memory Error (allocation.cpp:390), pid=10096, tid=0x0000000000001284
#
# JRE version: OpenJDK Runtime Environment (8.0_152-b06) (build 1.8.0_152-release-1136-b06)
# Java VM: OpenJDK 64-Bit Server VM (25.152-b06 mixed mode windows-amd64 compressed oops)
# Failed to write core dump. Minidumps are not enabled by default on client versions of Windows
#

---------------  T H R E A D  ---------------

Current thread (0x000000001bb3d000):  JavaThread "C2 CompilerThread0" daemon [_thread_in_native, id=4740, stack(0x000000001d180000,0x000000001d280000)]

Stack: [0x000000001d180000,0x000000001d280000]
[error occurred during error reporting (printing stack bounds), id 0xc0000005]

Native frames: (J=compiled Java code, j=interpreted, Vv=VM code, C=native code)


Current CompileTask:
C2:  59143 3929   !   4       com.android.dx.cf.code.BytecodeArray::parseInstruction (2764 bytes)


---------------  P R O C E S S  ---------------

Java Threads: ( => current thread )
  0x000000001f24e800 JavaThread "pool-1-thread-1" [_thread_in_Java, id=3828, stack(0x00000000216f0000,0x00000000217f0000)]
  0x000000001e026000 JavaThread "pool-2-thread-4" [_thread_blocked, id=3432, stack(0x000000001f650000,0x000000001f750000)]
  0x000000001d7e9800 JavaThread "pool-2-thread-3" [_thread_blocked, id=8328, stack(0x000000001f550000,0x000000001f650000)]
  0x000000001d7ef800 JavaThread "pool-2-thread-2" [_thread_blocked, id=1728, stack(0x000000001f450000,0x000000001f550000)]
  0x000000001dd4b800 JavaThread "pool-3-thread-1" [_thread_blocked, id=7540, stack(0x000000001f350000,0x000000001f450000)]
  0x000000001dd4b000 JavaThread "pool-2-thread-1" [_thread_in_Java, id=4496, stack(0x000000001f250000,0x000000001f350000)]
  0x000000001bb9b800 JavaThread "Service Thread" daemon [_thread_blocked, id=10108, stack(0x000000001d880000,0x000000001d980000)]
  0x000000001bb44800 JavaThread "C1 CompilerThread2" daemon [_thread_blocked, id=604, stack(0x000000001d380000,0x000000001d480000)]
  0x000000001bb41000 JavaThread "C2 CompilerThread1" daemon [_thread_blocked, id=7580, stack(0x000000001d280000,0x000000001d380000)]
=>0x000000001bb3d000 JavaThread "C2 CompilerThread0" daemon [_thread_in_native, id=4740, stack(0x000000001d180000,0x000000001d280000)]
  0x000000001bb3b800 JavaThread "Attach Listener" daemon [_thread_blocked, id=6472, stack(0x000000001d080000,0x000000001d180000)]
  0x000000001bb3a000 JavaThread "Signal Dispatcher" daemon [_thread_blocked, id=6644, stack(0x000000001cf80000,0x000000001d080000)]
  0x000000000246c000 JavaThread "Finalizer" daemon [_thread_blocked, id=9500, stack(0x000000001cd90000,0x000000001ce90000)]
  0x0000000002461800 JavaThread "Reference Handler" daemon [_thread_blocked, id=4580, stack(0x000000001cc90000,0x000000001cd90000)]
  0x000000000226e000 JavaThread "main" [_thread_blocked, id=4220, stack(0x0000000002270000,0x0000000002370000)]

Other Threads:
  0x000000001bb04800 VMThread [stack: 0x000000001cb90000,0x000000001cc90000] [id=2160]
  0x000000001bb9d800 WatcherThread [stack: 0x000000001d980000,0x000000001da80000] [id=8924]

VM state:not at safepoint (normal execution)

VM Mutex/Monitor currently owned by a thread: None

Heap:
 PSYoungGen      total 1015808K, used 198700K [0x000000076ab00000, 0x00000007c0000000, 0x00000007c0000000)
  eden space 663552K, 29% used [0x000000076ab00000,0x0000000776d0b2d8,0x0000000793300000)
  from space 352256K, 0% used [0x00000007aa800000,0x00000007aa800000,0x00000007c0000000)
  to   space 367104K, 0% used [0x0000000793300000,0x0000000793300000,0x00000007a9980000)
 ParOldGen       total 1356800K, used 921267K [0x00000006c0000000, 0x0000000712d00000, 0x000000076ab00000)
  object space 1356800K, 67% used [0x00000006c0000000,0x00000006f83acc28,0x0000000712d00000)
 Metaspace       used 7036K, capacity 7672K, committed 7936K, reserved 1056768K
  class space    used 630K, capacity 688K, committed 768K, reserved 1048576K

Card table byte_map: [0x0000000011830000,0x0000000012040000] byte_map_base: 0x000000000e230000

Marking Bits: (ParMarkBitMap*) 0x000000005b475aa0
 Begin Bits: [0x00000000129a0000, 0x00000000169a0000)
 End Bits:   [0x00000000169a0000, 0x000000001a9a0000)

Polling page: 0x0000000000460000

CodeCache: size=245760Kb used=13490Kb max_used=14383Kb free=232269Kb
 bounds [0x0000000002470000, 0x00000000032a0000, 0x0000000011470000]
 total_blobs=2981 nmethods=2714 adapters=180
 compilation: enabled

Compilation events (10 events):
Event: 59.083 Thread 0x000000001bb41000 3931       4       com.android.dx.rop.code.AccessFlags::isAbstract (14 bytes)
Event: 59.083 Thread 0x000000001bb41000 nmethod 3931 0x0000000002ce2590 code [0x0000000002ce26c0, 0x0000000002ce2718]
Event: 59.088 Thread 0x000000001bb41000 3932       4       com.android.dx.rop.cst.CstMethodRef::<init> (7 bytes)
Event: 59.090 Thread 0x000000001bb41000 nmethod 3932 0x0000000002785310 code [0x0000000002785460, 0x00000000027855e8]
Event: 59.090 Thread 0x000000001bb41000 3933       4       com.android.dx.cf.code.ConcreteMethod::<init> (15 bytes)
Event: 59.096 Thread 0x000000001bb41000 nmethod 3933 0x0000000002a83950 code [0x0000000002a83ac0, 0x0000000002a83f48]
Event: 59.096 Thread 0x000000001bb41000 3934       4       com.android.dx.rop.code.AccessFlags::isSynchronized (13 bytes)
Event: 59.096 Thread 0x000000001bb41000 nmethod 3934 0x0000000002f8f7d0 code [0x0000000002f8f900, 0x0000000002f8f958]
Event: 59.099 Thread 0x000000001bb44800 3935   !   3       com.android.dx.dex.cf.CfTranslator::processMethods (597 bytes)
Event: 59.107 Thread 0x000000001bb44800 nmethod 3935 0x00000000030c9b90 code [0x00000000030ca2e0, 0x00000000030cfe28]

GC Heap History (10 events):
Event: 43.821 GC heap before
{Heap before GC invocations=26 (full 5):
 PSYoungGen      total 918016K, used 825572K [0x000000076ab00000, 0x00000007b1680000, 0x00000007c0000000)
  eden space 732672K, 100% used [0x000000076ab00000,0x0000000797680000,0x0000000797680000)
  from space 185344K, 50% used [0x00000007a6180000,0x00000007abc39378,0x00000007b1680000)
  to   space 212992K, 0% used [0x0000000797680000,0x0000000797680000,0x00000007a4680000)
 ParOldGen       total 1137664K, used 786024K [0x00000006c0000000, 0x0000000705700000, 0x000000076ab00000)
  object space 1137664K, 69% used [0x00000006c0000000,0x00000006eff9a088,0x0000000705700000)
 Metaspace       used 6791K, capacity 7448K, committed 7680K, reserved 1056768K
  class space    used 618K, capacity 656K, committed 768K, reserved 1048576K
Event: 44.083 GC heap after
Heap after GC invocations=26 (full 5):
 PSYoungGen      total 945664K, used 147525K [0x000000076ab00000, 0x00000007b7900000, 0x00000007c0000000)
  eden space 732672K, 0% used [0x000000076ab00000,0x000000076ab00000,0x0000000797680000)
  from space 212992K, 69% used [0x0000000797680000,0x00000007a0691710,0x00000007a4680000)
  to   space 223232K, 0% used [0x00000007a9f00000,0x00000007a9f00000,0x00000007b7900000)
 ParOldGen       total 1137664K, used 786024K [0x00000006c0000000, 0x0000000705700000, 0x000000076ab00000)
  object space 1137664K, 69% used [0x00000006c0000000,0x00000006eff9a088,0x0000000705700000)
 Metaspace       used 6791K, capacity 7448K, committed 7680K, reserved 1056768K
  class space    used 618K, capacity 656K, committed 768K, reserved 1048576K
}
Event: 45.803 GC heap before
{Heap before GC invocations=27 (full 5):
 PSYoungGen      total 945664K, used 880197K [0x000000076ab00000, 0x00000007b7900000, 0x00000007c0000000)
  eden space 732672K, 100% used [0x000000076ab00000,0x0000000797680000,0x0000000797680000)
  from space 212992K, 69% used [0x0000000797680000,0x00000007a0691710,0x00000007a4680000)
  to   space 223232K, 0% used [0x00000007a9f00000,0x00000007a9f00000,0x00000007b7900000)
 ParOldGen       total 1137664K, used 786024K [0x00000006c0000000, 0x0000000705700000, 0x000000076ab00000)
  object space 1137664K, 69% used [0x00000006c0000000,0x00000006eff9a088,0x0000000705700000)
 Metaspace       used 7032K, capacity 7672K, committed 7936K, reserved 1056768K
  class space    used 630K, capacity 688K, committed 768K, reserved 1048576K
Event: 46.137 GC heap after
Heap after GC invocations=27 (full 5):
 PSYoungGen      total 982016K, used 223230K [0x000000076ab00000, 0x00000007beb00000, 0x00000007c0000000)
  eden space 758784K, 0% used [0x000000076ab00000,0x000000076ab00000,0x0000000799000000)
  from space 223232K, 99% used [0x00000007a9f00000,0x00000007b78ff868,0x00000007b7900000)
  to   space 277504K, 0% used [0x0000000799000000,0x0000000799000000,0x00000007a9f00000)
 ParOldGen       total 1137664K, used 835462K [0x00000006c0000000, 0x0000000705700000, 0x000000076ab00000)
  object space 1137664K, 73% used [0x00000006c0000000,0x00000006f2fe1880,0x0000000705700000)
 Metaspace       used 7032K, capacity 7672K, committed 7936K, reserved 1056768K
  class space    used 630K, capacity 688K, committed 768K, reserved 1048576K
}
Event: 48.427 GC heap before
{Heap before GC invocations=28 (full 5):
 PSYoungGen      total 982016K, used 982014K [0x000000076ab00000, 0x00000007beb00000, 0x00000007c0000000)
  eden space 758784K, 100% used [0x000000076ab00000,0x0000000799000000,0x0000000799000000)
  from space 223232K, 99% used [0x00000007a9f00000,0x00000007b78ff868,0x00000007b7900000)
  to   space 277504K, 0% used [0x0000000799000000,0x0000000799000000,0x00000007a9f00000)
 ParOldGen       total 1137664K, used 835462K [0x00000006c0000000, 0x0000000705700000, 0x000000076ab00000)
  object space 1137664K, 73% used [0x00000006c0000000,0x00000006f2fe1880,0x0000000705700000)
 Metaspace       used 7034K, capacity 7672K, committed 7936K, reserved 1056768K
  class space    used 630K, capacity 688K, committed 768K, reserved 1048576K
Event: 49.294 GC heap after
Heap after GC invocations=28 (full 5):
 PSYoungGen      total 1036288K, used 277501K [0x000000076ab00000, 0x00000007c0000000, 0x00000007c0000000)
  eden space 758784K, 0% used [0x000000076ab00000,0x000000076ab00000,0x0000000799000000)
  from space 277504K, 99% used [0x0000000799000000,0x00000007a9eff760,0x00000007a9f00000)
  to   space 352256K, 0% used [0x00000007aa800000,0x00000007aa800000,0x00000007c0000000)
 ParOldGen       total 1137664K, used 914849K [0x00000006c0000000, 0x0000000705700000, 0x000000076ab00000)
  object space 1137664K, 80% used [0x00000006c0000000,0x00000006f7d68488,0x0000000705700000)
 Metaspace       used 7034K, capacity 7672K, committed 7936K, reserved 1056768K
  class space    used 630K, capacity 688K, committed 768K, reserved 1048576K
}
Event: 50.972 GC heap before
{Heap before GC invocations=29 (full 5):
 PSYoungGen      total 1036288K, used 1036285K [0x000000076ab00000, 0x00000007c0000000, 0x00000007c0000000)
  eden space 758784K, 100% used [0x000000076ab00000,0x0000000799000000,0x0000000799000000)
  from space 277504K, 99% used [0x0000000799000000,0x00000007a9eff760,0x00000007a9f00000)
  to   space 352256K, 0% used [0x00000007aa800000,0x00000007aa800000,0x00000007c0000000)
 ParOldGen       total 1137664K, used 914849K [0x00000006c0000000, 0x0000000705700000, 0x000000076ab00000)
  object space 1137664K, 80% used [0x00000006c0000000,0x00000006f7d68488,0x0000000705700000)
 Metaspace       used 7035K, capacity 7672K, committed 7936K, reserved 1056768K
  class space    used 630K, capacity 688K, committed 768K, reserved 1048576K
Event: 51.475 GC heap after
Heap after GC invocations=29 (full 5):
 PSYoungGen      total 1015808K, used 233072K [0x000000076ab00000, 0x00000007c0000000, 0x00000007c0000000)
  eden space 663552K, 0% used [0x000000076ab00000,0x000000076ab00000,0x0000000793300000)
  from space 352256K, 66% used [0x00000007aa800000,0x00000007b8b9c050,0x00000007c0000000)
  to   space 367104K, 0% used [0x0000000793300000,0x0000000793300000,0x00000007a9980000)
 ParOldGen       total 1137664K, used 1087688K [0x00000006c0000000, 0x0000000705700000, 0x000000076ab00000)
  object space 1137664K, 95% used [0x00000006c0000000,0x00000007026323d0,0x0000000705700000)
 Metaspace       used 7035K, capacity 7672K, committed 7936K, reserved 1056768K
  class space    used 630K, capacity 688K, committed 768K, reserved 1048576K
}
Event: 51.475 GC heap before
{Heap before GC invocations=30 (full 6):
 PSYoungGen      total 1015808K, used 233072K [0x000000076ab00000, 0x00000007c0000000, 0x00000007c0000000)
  eden space 663552K, 0% used [0x000000076ab00000,0x000000076ab00000,0x0000000793300000)
  from space 352256K, 66% used [0x00000007aa800000,0x00000007b8b9c050,0x00000007c0000000)
  to   space 367104K, 0% used [0x0000000793300000,0x0000000793300000,0x00000007a9980000)
 ParOldGen       total 1137664K, used 1087688K [0x00000006c0000000, 0x0000000705700000, 0x000000076ab00000)
  object space 1137664K, 95% used [0x00000006c0000000,0x00000007026323d0,0x0000000705700000)
 Metaspace       used 7035K, capacity 7672K, committed 7936K, reserved 1056768K
  class space    used 630K, capacity 688K, committed 768K, reserved 1048576K
Event: 58.844 GC heap after
Heap after GC invocations=30 (full 6):
 PSYoungGen      total 1015808K, used 0K [0x000000076ab00000, 0x00000007c0000000, 0x00000007c0000000)
  eden space 663552K, 0% used [0x000000076ab00000,0x000000076ab00000,0x0000000793300000)
  from space 352256K, 0% used [0x00000007aa800000,0x00000007aa800000,0x00000007c0000000)
  to   space 367104K, 0% used [0x0000000793300000,0x0000000793300000,0x00000007a9980000)
 ParOldGen       total 1356800K, used 921267K [0x00000006c0000000, 0x0000000712d00000, 0x000000076ab00000)
  object space 1356800K, 67% used [0x00000006c0000000,0x00000006f83acc28,0x0000000712d00000)
 Metaspace       used 7035K, capacity 7672K, committed 7936K, reserved 1056768K
  class space    used 630K, capacity 688K, committed 768K, reserved 1048576K
}

Deoptimization events (10 events):
Event: 47.650 Thread 0x000000001d7ef800 Uncommon trap: reason=unstable_if action=reinterpret pc=0x00000000028ba0f8 method=com.android.dx.rop.code.RegisterSpecSet.put(Lcom/android/dx/rop/code/RegisterSpec;)V @ 62
Event: 47.666 Thread 0x000000001e026000 Uncommon trap: reason=unstable_if action=reinterpret pc=0x0000000002b8c378 method=com.android.dx.ssa.back.FirstFitLocalCombiningAllocator.findRopRegForLocal(II)I @ 38
Event: 47.828 Thread 0x000000001dd4b000 Uncommon trap: reason=unstable_if action=reinterpret pc=0x00000000030fff2c method=com.android.dx.cf.code.RopperMachine.run(Lcom/android/dx/cf/code/Frame;II)V @ 356
Event: 47.828 Thread 0x000000001dd4b000 Uncommon trap: reason=unstable_if action=reinterpret pc=0x0000000002f4a518 method=com.android.dx.cf.code.Ropper.processBlock(Lcom/android/dx/cf/code/ByteBlock;Lcom/android/dx/cf/code/Frame;[I)V @ 791
Event: 47.831 Thread 0x000000001dd4b000 Uncommon trap: reason=unstable_if action=reinterpret pc=0x00000000026755ec method=com.android.dx.ssa.back.FirstFitLocalCombiningAllocator.findRopRegForLocal(II)I @ 38
Event: 49.345 Thread 0x000000001d7e9800 Uncommon trap: reason=unstable_if action=reinterpret pc=0x0000000002656610 method=java.util.DualPivotQuicksort.sort([IIIZ)V @ 93
Event: 50.051 Thread 0x000000001e026000 Uncommon trap: reason=unstable_if action=reinterpret pc=0x0000000003272c10 method=com.android.dx.cf.code.Ropper.processBlock(Lcom/android/dx/cf/code/ByteBlock;Lcom/android/dx/cf/code/Frame;[I)V @ 651
Event: 59.052 Thread 0x000000000226e000 Uncommon trap: reason=unstable_if action=reinterpret pc=0x0000000002d16298 method=com.android.dx.rop.code.AccessFlags.isNative(I)Z @ 5
Event: 59.059 Thread 0x000000001d7e9800 Uncommon trap: reason=bimorphic action=maybe_recompile pc=0x0000000003239990 method=com.android.dx.cf.code.BytecodeArray.parseInstruction(ILcom/android/dx/cf/code/BytecodeArray$Visitor;)I @ 1612
Event: 59.059 Thread 0x000000001d7e9800 Uncommon trap: reason=bimorphic action=maybe_recompile pc=0x0000000003239990 method=com.android.dx.cf.code.BytecodeArray.parseInstruction(ILcom/android/dx/cf/code/BytecodeArray$Visitor;)I @ 1612

Classes redefined (0 events):
No events

Internal exceptions (10 events):
Event: 4.736 Thread 0x000000000226e000 Implicit null exception at 0x00000000025dadb8 to 0x00000000025db3d1
Event: 5.933 Thread 0x000000001dd4b000 Implicit null exception at 0x00000000027f7462 to 0x00000000027f755a
Event: 6.298 Thread 0x000000001e026000 Implicit null exception at 0x00000000028413a2 to 0x0000000002844315
Event: 6.791 Thread 0x000000001d7ef800 Implicit null exception at 0x0000000002a845e3 to 0x0000000002a84759
Event: 7.543 Thread 0x000000001dd4b000 Exception <a 'java/lang/ArrayIndexOutOfBoundsException': 18> (0x000000076dbd5ff8) thrown at [D:\src\AOSP-openjdk-cygwin\jdk8u\hotspot\src\share\vm\interpreter\interpreterRuntime.cpp, line 366]
Event: 7.544 Thread 0x000000001dd4b000 Exception <a 'java/lang/ArrayIndexOutOfBoundsException'> (0x000000076dbd7b78) thrown at [D:\src\AOSP-openjdk-cygwin\jdk8u\hotspot\src\share\vm\runtime\sharedRuntime.cpp, line 605]
Event: 7.679 Thread 0x000000001dd4b000 Exception <a 'java/lang/ArrayIndexOutOfBoundsException'> (0x000000076dbd8e60) thrown at [D:\src\AOSP-openjdk-cygwin\jdk8u\hotspot\src\share\vm\runtime\sharedRuntime.cpp, line 605]
Event: 16.212 Thread 0x000000000226e000 Implicit null exception at 0x00000000025e4310 to 0x00000000025e4c91
Event: 19.885 Thread 0x000000001d7e9800 Implicit null exception at 0x0000000002b788b3 to 0x0000000002b79b59
Event: 46.580 Thread 0x000000001f24e800 Implicit null exception at 0x0000000003171fc8 to 0x0000000003173430

Events (10 events):
Event: 58.844 Executing VM operation: ParallelGCFailedAllocation done
Event: 59.052 Thread 0x000000000226e000 Uncommon trap: trap_request=0xffffff65 fr.pc=0x0000000002d16298
Event: 59.052 Thread 0x000000000226e000 DEOPT PACKING pc=0x0000000002d16298 sp=0x000000000236e960
Event: 59.052 Thread 0x000000000226e000 DEOPT UNPACKING pc=0x00000000024b557b sp=0x000000000236ea30 mode 2
Event: 59.059 Thread 0x000000001d7e9800 Uncommon trap: trap_request=0xffffffc6 fr.pc=0x0000000003239990
Event: 59.059 Thread 0x000000001d7e9800 DEOPT PACKING pc=0x0000000003239990 sp=0x000000001f64eac0
Event: 59.059 Thread 0x000000001d7e9800 DEOPT UNPACKING pc=0x00000000024b557b sp=0x000000001f64ea68 mode 2
Event: 59.059 Thread 0x000000001d7e9800 Uncommon trap: trap_request=0xffffffc6 fr.pc=0x0000000003239990
Event: 59.059 Thread 0x000000001d7e9800 DEOPT PACKING pc=0x0000000003239990 sp=0x000000001f64e960
Event: 59.059 Thread 0x000000001d7e9800 DEOPT UNPACKING pc=0x00000000024b557b sp=0x000000001f64e908 mode 2


Dynamic libraries:
0x00007ff7ef380000 - 0x00007ff7ef3b1000 	C:\Program Files\Android\Android Studio\jre\bin\java.exe
0x00007ffd5e270000 - 0x00007ffd5e442000 	C:\Windows\SYSTEM32\ntdll.dll
0x00007ffd5b980000 - 0x00007ffd5ba2c000 	C:\Windows\System32\KERNEL32.DLL
0x00007ffd5b360000 - 0x00007ffd5b57d000 	C:\Windows\System32\KERNELBASE.dll
0x00007ffd5dff0000 - 0x00007ffd5e092000 	C:\Windows\System32\ADVAPI32.dll
0x00007ffd5bd00000 - 0x00007ffd5bd9e000 	C:\Windows\System32\msvcrt.dll
0x00007ffd5de20000 - 0x00007ffd5de79000 	C:\Windows\System32\sechost.dll
0x00007ffd5c550000 - 0x00007ffd5c671000 	C:\Windows\System32\RPCRT4.dll
0x00007ffd5b800000 - 0x00007ffd5b965000 	C:\Windows\System32\USER32.dll
0x00007ffd5a7c0000 - 0x00007ffd5a7de000 	C:\Windows\System32\win32u.dll
0x00007ffd5df80000 - 0x00007ffd5dfb4000 	C:\Windows\System32\GDI32.dll
0x00007ffd5a7e0000 - 0x00007ffd5a960000 	C:\Windows\System32\gdi32full.dll
0x00007ffd503f0000 - 0x00007ffd5066a000 	C:\Windows\WinSxS\amd64_microsoft.windows.common-controls_6595b64144ccf1df_6.0.14393.953_none_42151e83c686086b\COMCTL32.dll
0x00007ffd5ba30000 - 0x00007ffd5bcf8000 	C:\Windows\System32\combase.dll
0x00007ffd5aad0000 - 0x00007ffd5abc5000 	C:\Windows\System32\ucrtbase.dll
0x00007ffd5aa00000 - 0x00007ffd5aa6a000 	C:\Windows\System32\bcryptPrimitives.dll
0x00007ffd5dfc0000 - 0x00007ffd5dfee000 	C:\Windows\System32\IMM32.DLL
0x000000005aaf0000 - 0x000000005abc2000 	C:\Program Files\Android\Android Studio\jre\jre\bin\msvcr100.dll
0x000000005acb0000 - 0x000000005b4f1000 	C:\Program Files\Android\Android Studio\jre\jre\bin\server\jvm.dll
0x00007ffd5e200000 - 0x00007ffd5e208000 	C:\Windows\System32\PSAPI.DLL
0x00007ffd53c00000 - 0x00007ffd53c09000 	C:\Windows\SYSTEM32\WSOCK32.dll
0x00007ffd586a0000 - 0x00007ffd586c3000 	C:\Windows\SYSTEM32\WINMM.dll
0x00007ffd56f90000 - 0x00007ffd56f9a000 	C:\Windows\SYSTEM32\VERSION.dll
0x00007ffd58640000 - 0x00007ffd5866b000 	C:\Windows\SYSTEM32\WINMMBASE.dll
0x00007ffd5a770000 - 0x00007ffd5a7b2000 	C:\Windows\System32\cfgmgr32.dll
0x00007ffd5bda0000 - 0x00007ffd5be0a000 	C:\Windows\System32\WS2_32.dll
0x00007ffd53bf0000 - 0x00007ffd53bff000 	C:\Program Files\Android\Android Studio\jre\jre\bin\verify.dll
0x00007ffd535b0000 - 0x00007ffd535d9000 	C:\Program Files\Android\Android Studio\jre\jre\bin\java.dll
0x00007ffd52100000 - 0x00007ffd52116000 	C:\Program Files\Android\Android Studio\jre\jre\bin\zip.dll
0x00007ffd5c8b0000 - 0x00007ffd5ddb9000 	C:\Windows\System32\SHELL32.dll
0x00007ffd5ac80000 - 0x00007ffd5b359000 	C:\Windows\System32\windows.storage.dll
0x00007ffd5a720000 - 0x00007ffd5a76c000 	C:\Windows\System32\powrprof.dll
0x00007ffd5ddc0000 - 0x00007ffd5de12000 	C:\Windows\System32\shlwapi.dll
0x00007ffd5a700000 - 0x00007ffd5a70f000 	C:\Windows\System32\kernel.appcore.dll
0x00007ffd5b580000 - 0x00007ffd5b629000 	C:\Windows\System32\shcore.dll
0x00007ffd5a6e0000 - 0x00007ffd5a6f4000 	C:\Windows\System32\profapi.dll

VM Arguments:
jvm_args: -Djava.awt.headless=true -Xmx4g -Dfile.encoding=windows-1251 -Duser.country=RU -Duser.language=ru -Duser.variant 
java_command: com.android.dx.command.Main --dex --num-threads=4 --multi-dex --main-dex-list C:\Users\User\Desktop\Hand app\appoets-tranxit_android_provider-8e673cae0999\app\build\intermediates\multi-dex\debug\maindexlist.txt --output C:\Users\User\Desktop\Hand app\appoets-tranxit_android_provider-8e673cae0999\app\build\intermediates\transforms\dex\debug\folders\1000\1f\main C:\Users\User\Desktop\Hand app\appoets-tranxit_android_provider-8e673cae0999\app\build\intermediates\transforms\jarMerging\debug\jars\1\1f\combined.jar
java_class_path (initial): C:\Users\User\AppData\Local\Android\Sdk\build-tools\26.0.0\lib\dx.jar
Launcher Type: SUN_STANDARD

Environment Variables:
PATH=C:\Windows\system32;C:\Windows;C:\Windows\System32\Wbem;C:\Windows\System32\WindowsPowerShell\v1.0\;C:\Program Files (x86)\NVIDIA Corporation\PhysX\Common;C:\Program Files (x86)\Skype\Phone\;C:\ProgramData\chocolatey\bin;%NVM_HOME%;%NVM_SYMLINK%;C:\Program Files\Microsoft VS Code\bin;C:\Users\User\AppData\Local\Android\Sdk\platform-tools;C:\Users\User\AppData\Local\Microsoft\WindowsApps;C:\Users\User\AppData\Roaming\npm;C:\Users\User\AppData\Roaming\nvm;C:\Program Files\nodejs
USERNAME=User
OS=Windows_NT
PROCESSOR_IDENTIFIER=Intel64 Family 6 Model 42 Stepping 7, GenuineIntel



---------------  S Y S T E M  ---------------

OS: Windows 10.0 , 64 bit Build 14393 (10.0.14393.1198)

CPU:total 4 (initial active 4) (2 cores per cpu, 2 threads per core) family 6 model 42 stepping 7, cmov, cx8, fxsr, mmx, sse, sse2, sse3, ssse3, sse4.1, sse4.2, popcnt, avx, clmul, ht, tsc, tscinvbit

Memory: 4k page, physical 8348804k(617448k free), swap 13468804k(3652k free)

vm_info: OpenJDK 64-Bit Server VM (25.152-b06) for windows-amd64 JRE (1.8.0_152-release-1136-b06), built by "builder" with MS VC++ 10.0 (VS2010)

time: Thu Jan 10 18:45:43 2019
elapsed time: 59 seconds (0d 0h 0m 59s)

